Using pre-set license
Built from '2020.3/staging' branch; Version is '2020.3.28f1 (f5400f52e03f) revision 16072719'; Using compiler version '192528614'; Build Type 'Release'
OS: 'Windows 10  (10.0.19042) 64bit Enterprise' Language: 'en' Physical Memory: 16310 MB
BatchMode: 1, IsHumanControllingUs: 0, StartBugReporterOnCrash: 0, Is64bit: 1, IsPro: 0

COMMAND LINE ARGUMENTS:
C:\Program Files\Unity\Hub\Editor\2020.3.28f1\Editor\Unity.exe
-adb2
-batchMode
-noUpm
-name
AssetImportWorker0
-projectPath
C:/Users/RIgel Kuper/Desktop/Unity Games/Techability/Repos/Racer-Game/TARacerKit
-logFile
Logs/AssetImportWorker0.log
-srvPort
59580
Successfully changed project path to: C:/Users/RIgel Kuper/Desktop/Unity Games/Techability/Repos/Racer-Game/TARacerKit
C:/Users/RIgel Kuper/Desktop/Unity Games/Techability/Repos/Racer-Game/TARacerKit
Using Asset Import Pipeline V2.
Refreshing native plugins compatible for Editor in 50.94 ms, found 2 plugins.
Preloading 0 native plugins for Editor in 0.00 ms.
Initialize engine version: 2020.3.28f1 (f5400f52e03f)
[Subsystems] Discovering subsystems at path C:/Program Files/Unity/Hub/Editor/2020.3.28f1/Editor/Data/Resources/UnitySubsystems
[Subsystems] Discovering subsystems at path C:/Users/RIgel Kuper/Desktop/Unity Games/Techability/Repos/Racer-Game/TARacerKit/Assets
GfxDevice: creating device client; threaded=0
Direct3D:
    Version:  Direct3D 11.0 [level 11.1]
    Renderer: NVIDIA GeForce GTX 1070 Ti (ID=0x1b82)
    Vendor:   
    VRAM:     8079 MB
    Driver:   27.21.14.6677
Initialize mono
Mono path[0] = 'C:/Program Files/Unity/Hub/Editor/2020.3.28f1/Editor/Data/Managed'
Mono path[1] = 'C:/Program Files/Unity/Hub/Editor/2020.3.28f1/Editor/Data/MonoBleedingEdge/lib/mono/unityjit'
Mono config path = 'C:/Program Files/Unity/Hub/Editor/2020.3.28f1/Editor/Data/MonoBleedingEdge/etc'
Using monoOptions --debugger-agent=transport=dt_socket,embedding=1,server=y,suspend=n,address=127.0.0.1:56436
Begin MonoManager ReloadAssembly
Registering precompiled unity dll's ...
Register platform support module: C:/Program Files/Unity/Hub/Editor/2020.3.28f1/Editor/Data/PlaybackEngines/MacStandaloneSupport/UnityEditor.OSXStandalone.Extensions.dll
Register platform support module: C:/Program Files/Unity/Hub/Editor/2020.3.28f1/Editor/Data/PlaybackEngines/WindowsStandaloneSupport/UnityEditor.WindowsStandalone.Extensions.dll
Registered in 0.003411 seconds.
Native extension for WindowsStandalone target not found
Native extension for OSXStandalone target not found
Refreshing native plugins compatible for Editor in 60.99 ms, found 2 plugins.
Preloading 0 native plugins for Editor in 0.00 ms.
Mono: successfully reloaded assembly
- Completed reload, in  0.731 seconds
Domain Reload Profiling:
	ReloadAssembly (732ms)
		BeginReloadAssembly (83ms)
			ExecutionOrderSort (0ms)
			DisableScriptedObjects (0ms)
			BackupInstance (0ms)
			ReleaseScriptingObjects (0ms)
			CreateAndSetChildDomain (1ms)
		EndReloadAssembly (562ms)
			LoadAssemblies (81ms)
			RebuildTransferFunctionScriptingTraits (0ms)
			SetupTypeCache (181ms)
			ReleaseScriptCaches (0ms)
			RebuildScriptCaches (34ms)
			SetupLoadedEditorAssemblies (222ms)
				LogAssemblyErrors (0ms)
				InitializePlatformSupportModulesInManaged (6ms)
				SetLoadedEditorAssemblies (0ms)
				RefreshPlugins (61ms)
				BeforeProcessingInitializeOnLoad (18ms)
				ProcessInitializeOnLoadAttributes (103ms)
				ProcessInitializeOnLoadMethodAttributes (33ms)
				AfterProcessingInitializeOnLoad (0ms)
				EditorAssembliesLoaded (0ms)
			ExecutionOrderSort2 (0ms)
			AwakeInstancesAfterBackupRestoration (0ms)
Platform modules already initialized, skipping
Registering precompiled user dll's ...
Registered in 0.006684 seconds.
Begin MonoManager ReloadAssembly
Native extension for WindowsStandalone target not found
Native extension for OSXStandalone target not found
Refreshing native plugins compatible for Editor in 0.63 ms, found 2 plugins.
Preloading 0 native plugins for Editor in 0.00 ms.
Mono: successfully reloaded assembly
- Completed reload, in  1.199 seconds
Domain Reload Profiling:
	ReloadAssembly (1201ms)
		BeginReloadAssembly (195ms)
			ExecutionOrderSort (0ms)
			DisableScriptedObjects (6ms)
			BackupInstance (0ms)
			ReleaseScriptingObjects (0ms)
			CreateAndSetChildDomain (23ms)
		EndReloadAssembly (926ms)
			LoadAssemblies (134ms)
			RebuildTransferFunctionScriptingTraits (0ms)
			SetupTypeCache (321ms)
			ReleaseScriptCaches (1ms)
			RebuildScriptCaches (50ms)
			SetupLoadedEditorAssemblies (343ms)
				LogAssemblyErrors (0ms)
				InitializePlatformSupportModulesInManaged (8ms)
				SetLoadedEditorAssemblies (1ms)
				RefreshPlugins (1ms)
				BeforeProcessingInitializeOnLoad (92ms)
				ProcessInitializeOnLoadAttributes (220ms)
				ProcessInitializeOnLoadMethodAttributes (11ms)
				AfterProcessingInitializeOnLoad (11ms)
				EditorAssembliesLoaded (0ms)
			ExecutionOrderSort2 (0ms)
			AwakeInstancesAfterBackupRestoration (7ms)
Platform modules already initialized, skipping
========================================================================
Worker process is ready to serve import requests
Launched and connected shader compiler UnityShaderCompiler.exe after 0.08 seconds
Refreshing native plugins compatible for Editor in 0.49 ms, found 2 plugins.
Preloading 0 native plugins for Editor in 0.00 ms.
Unloading 1551 Unused Serialized files (Serialized files now loaded: 0)
System memory in use before: 73.1 MB.
System memory in use after: 73.2 MB.

Unloading 19 unused Assets to reduce memory usage. Loaded Objects now: 1984.
Total: 2.839100 ms (FindLiveObjects: 0.142500 ms CreateObjectMapping: 0.038000 ms MarkObjects: 2.588900 ms  DeleteObjects: 0.068600 ms)

AssetImportParameters requested are different than current active one (requested -> active):
  custom:framework-win-MediaFoundation: 216162199b28c13a410421893ffa2e32 -> 
  custom:video-decoder-ogg-theora: a1e56fd34408186e4bbccfd4996cb3dc -> 
  custom:container-muxer-webm: aa71ff27fc2769a1b78a27578f13a17b -> 
  custom:container-demuxer-webm: 4f35f7cbe854078d1ac9338744f61a02 -> 
  custom:container-demuxer-ogg: 62fdf1f143b41e24485cea50d1cbac27 -> 
  custom:video-encoder-webm-vp8: eb34c28f22e8b96e1ab97ce403110664 -> 
  custom:video-decoder-webm-vp8: 9c59270c3fd7afecdb556c50c9e8de78 -> 
  custom:audio-decoder-ogg-vorbis: bf7c407c2cedff20999df2af8eb42d56 -> 
  custom:audio-encoder-webm-vorbis: bf7c407c2cedff20999df2af8eb42d56 -> 
========================================================================
Received Import Request.
  path: Assets/Resources
  artifactKey: Guid(11ccb2a45cc383343a9af0428cfe63de) Importer(815301076,1909f56bfc062723c751e8b465ee728b)
Start importing Assets/Resources using Guid(11ccb2a45cc383343a9af0428cfe63de) Importer(815301076,1909f56bfc062723c751e8b465ee728b)  -> (artifact id: '3b5b8dfe0b6051955ff3915d92e59e9e') in 0.013256 seconds 
  Import took 0.017144 seconds .

========================================================================
Received Import Request.
  Time since last request: 2.535046 seconds.
  path: Assets/RacingKit
  artifactKey: Guid(54d29491471a35848868d5a47e5ab587) Importer(815301076,1909f56bfc062723c751e8b465ee728b)
Start importing Assets/RacingKit using Guid(54d29491471a35848868d5a47e5ab587) Importer(815301076,1909f56bfc062723c751e8b465ee728b)  -> (artifact id: 'c35ff014edea01065f1dc327009ff4e5') in 0.009182 seconds 
  Import took 0.012473 seconds .

========================================================================
Received Import Request.
  Time since last request: 5.197110 seconds.
  path: Assets/RacingKit/Prefabs
  artifactKey: Guid(3284664f0857fac48a899af5b3f0fca6) Importer(815301076,1909f56bfc062723c751e8b465ee728b)
Start importing Assets/RacingKit/Prefabs using Guid(3284664f0857fac48a899af5b3f0fca6) Importer(815301076,1909f56bfc062723c751e8b465ee728b)  -> (artifact id: '2cb8842dfd55db5a8beabad3d99c6610') in 0.011785 seconds 
  Import took 0.015120 seconds .

========================================================================
Received Import Request.
  Time since last request: 675.878343 seconds.
  path: Assets/RacingKit/Prefabs/Pathpoint 1.prefab
  artifactKey: Guid(6fe8de2a919637a4e92b51fd5db4f19f) Importer(815301076,1909f56bfc062723c751e8b465ee728b)
Start importing Assets/RacingKit/Prefabs/Pathpoint 1.prefab using Guid(6fe8de2a919637a4e92b51fd5db4f19f) Importer(815301076,1909f56bfc062723c751e8b465ee728b)  -> (artifact id: '349a8b3c5a8874b132cd77fa619e90b2') in 0.125262 seconds 
  Import took 0.129643 seconds .

========================================================================
Received Import Request.
  Time since last request: 49.706085 seconds.
  path: Assets/RacingKit/Prefabs/blue.mat
  artifactKey: Guid(36bd121dd7f3e4248af7a9fd70330444) Importer(815301076,1909f56bfc062723c751e8b465ee728b)
Start importing Assets/RacingKit/Prefabs/blue.mat using Guid(36bd121dd7f3e4248af7a9fd70330444) Importer(815301076,1909f56bfc062723c751e8b465ee728b)  -> (artifact id: '3869d4e3b91551b3c9c886b096ea3274') in 0.048554 seconds 
  Import took 0.051917 seconds .

========================================================================
Received Import Request.
  Time since last request: 8.871827 seconds.
  path: Assets/RacingKit/Prefabs/Pathpoint 1.prefab
  artifactKey: Guid(6fe8de2a919637a4e92b51fd5db4f19f) Importer(815301076,1909f56bfc062723c751e8b465ee728b)
Start importing Assets/RacingKit/Prefabs/Pathpoint 1.prefab using Guid(6fe8de2a919637a4e92b51fd5db4f19f) Importer(815301076,1909f56bfc062723c751e8b465ee728b)  -> (artifact id: 'd5352307237aeb70b6704168d9285270') in 0.017288 seconds 
  Import took 0.020859 seconds .

========================================================================
Received Import Request.
  Time since last request: 9.146790 seconds.
  path: Assets/RacingKit/Prefabs/Pathpoint Blue.prefab
  artifactKey: Guid(6fe8de2a919637a4e92b51fd5db4f19f) Importer(815301076,1909f56bfc062723c751e8b465ee728b)
Start importing Assets/RacingKit/Prefabs/Pathpoint Blue.prefab using Guid(6fe8de2a919637a4e92b51fd5db4f19f) Importer(815301076,1909f56bfc062723c751e8b465ee728b)  -> (artifact id: 'd940ba4e3119a45911c6a0d05f4af62f') in 0.021767 seconds 
  Import took 0.025296 seconds .

========================================================================
Received Import Request.
  Time since last request: 82.741738 seconds.
  path: Assets/RacingKit/Prefabs/blue.mat
  artifactKey: Guid(36bd121dd7f3e4248af7a9fd70330444) Importer(815301076,1909f56bfc062723c751e8b465ee728b)
Start importing Assets/RacingKit/Prefabs/blue.mat using Guid(36bd121dd7f3e4248af7a9fd70330444) Importer(815301076,1909f56bfc062723c751e8b465ee728b)  -> (artifact id: '232c6775cc0ad05f3971a1859c16b8ed') in 0.024324 seconds 
  Import took 0.027553 seconds .

========================================================================
Received Prepare
Registering precompiled user dll's ...
Registered in 0.006800 seconds.
Begin MonoManager ReloadAssembly
Native extension for WindowsStandalone target not found
Native extension for OSXStandalone target not found
Refreshing native plugins compatible for Editor in 0.76 ms, found 2 plugins.
Preloading 0 native plugins for Editor in 0.00 ms.
Mono: successfully reloaded assembly
- Completed reload, in  1.095 seconds
Domain Reload Profiling:
	ReloadAssembly (1096ms)
		BeginReloadAssembly (137ms)
			ExecutionOrderSort (0ms)
			DisableScriptedObjects (7ms)
			BackupInstance (0ms)
			ReleaseScriptingObjects (0ms)
			CreateAndSetChildDomain (39ms)
		EndReloadAssembly (884ms)
			LoadAssemblies (109ms)
			RebuildTransferFunctionScriptingTraits (0ms)
			SetupTypeCache (298ms)
			ReleaseScriptCaches (1ms)
			RebuildScriptCaches (38ms)
			SetupLoadedEditorAssemblies (340ms)
				LogAssemblyErrors (0ms)
				InitializePlatformSupportModulesInManaged (6ms)
				SetLoadedEditorAssemblies (1ms)
				RefreshPlugins (1ms)
				BeforeProcessingInitializeOnLoad (95ms)
				ProcessInitializeOnLoadAttributes (214ms)
				ProcessInitializeOnLoadMethodAttributes (12ms)
				AfterProcessingInitializeOnLoad (10ms)
				EditorAssembliesLoaded (0ms)
			ExecutionOrderSort2 (0ms)
			AwakeInstancesAfterBackupRestoration (8ms)
Platform modules already initialized, skipping
Refreshing native plugins compatible for Editor in 0.50 ms, found 2 plugins.
Preloading 0 native plugins for Editor in 0.00 ms.
Unloading 1531 Unused Serialized files (Serialized files now loaded: 0)
System memory in use before: 74.9 MB.
System memory in use after: 75.0 MB.

Unloading 14 unused Assets to reduce memory usage. Loaded Objects now: 2027.
Total: 3.294800 ms (FindLiveObjects: 0.183600 ms CreateObjectMapping: 0.041200 ms MarkObjects: 3.041500 ms  DeleteObjects: 0.027000 ms)

AssetImportParameters requested are different than current active one (requested -> active):
  custom:framework-win-MediaFoundation: 216162199b28c13a410421893ffa2e32 -> 
  custom:video-decoder-ogg-theora: a1e56fd34408186e4bbccfd4996cb3dc -> 
  custom:container-muxer-webm: aa71ff27fc2769a1b78a27578f13a17b -> 
  custom:container-demuxer-webm: 4f35f7cbe854078d1ac9338744f61a02 -> 
  custom:container-demuxer-ogg: 62fdf1f143b41e24485cea50d1cbac27 -> 
  custom:video-encoder-webm-vp8: eb34c28f22e8b96e1ab97ce403110664 -> 
  custom:video-decoder-webm-vp8: 9c59270c3fd7afecdb556c50c9e8de78 -> 
  custom:audio-decoder-ogg-vorbis: bf7c407c2cedff20999df2af8eb42d56 -> 
  custom:audio-encoder-webm-vorbis: bf7c407c2cedff20999df2af8eb42d56 -> 
========================================================================
Received Prepare
Registering precompiled user dll's ...
Registered in 0.006992 seconds.
Begin MonoManager ReloadAssembly
Native extension for WindowsStandalone target not found
Native extension for OSXStandalone target not found
Refreshing native plugins compatible for Editor in 0.67 ms, found 2 plugins.
Preloading 0 native plugins for Editor in 0.00 ms.
Mono: successfully reloaded assembly
- Completed reload, in  1.144 seconds
Domain Reload Profiling:
	ReloadAssembly (1145ms)
		BeginReloadAssembly (127ms)
			ExecutionOrderSort (0ms)
			DisableScriptedObjects (5ms)
			BackupInstance (0ms)
			ReleaseScriptingObjects (0ms)
			CreateAndSetChildDomain (36ms)
		EndReloadAssembly (945ms)
			LoadAssemblies (109ms)
			RebuildTransferFunctionScriptingTraits (0ms)
			SetupTypeCache (334ms)
			ReleaseScriptCaches (1ms)
			RebuildScriptCaches (44ms)
			SetupLoadedEditorAssemblies (344ms)
				LogAssemblyErrors (0ms)
				InitializePlatformSupportModulesInManaged (6ms)
				SetLoadedEditorAssemblies (1ms)
				RefreshPlugins (1ms)
				BeforeProcessingInitializeOnLoad (98ms)
				ProcessInitializeOnLoadAttributes (213ms)
				ProcessInitializeOnLoadMethodAttributes (11ms)
				AfterProcessingInitializeOnLoad (13ms)
				EditorAssembliesLoaded (0ms)
			ExecutionOrderSort2 (0ms)
			AwakeInstancesAfterBackupRestoration (14ms)
Platform modules already initialized, skipping
Refreshing native plugins compatible for Editor in 0.68 ms, found 2 plugins.
Preloading 0 native plugins for Editor in 0.00 ms.
Unloading 1531 Unused Serialized files (Serialized files now loaded: 0)
System memory in use before: 74.9 MB.
System memory in use after: 75.0 MB.

Unloading 14 unused Assets to reduce memory usage. Loaded Objects now: 2029.
Total: 3.812000 ms (FindLiveObjects: 0.195600 ms CreateObjectMapping: 0.037000 ms MarkObjects: 3.543500 ms  DeleteObjects: 0.034100 ms)

AssetImportParameters requested are different than current active one (requested -> active):
  custom:framework-win-MediaFoundation: 216162199b28c13a410421893ffa2e32 -> 
  custom:video-decoder-ogg-theora: a1e56fd34408186e4bbccfd4996cb3dc -> 
  custom:container-muxer-webm: aa71ff27fc2769a1b78a27578f13a17b -> 
  custom:container-demuxer-webm: 4f35f7cbe854078d1ac9338744f61a02 -> 
  custom:container-demuxer-ogg: 62fdf1f143b41e24485cea50d1cbac27 -> 
  custom:video-encoder-webm-vp8: eb34c28f22e8b96e1ab97ce403110664 -> 
  custom:video-decoder-webm-vp8: 9c59270c3fd7afecdb556c50c9e8de78 -> 
  custom:audio-decoder-ogg-vorbis: bf7c407c2cedff20999df2af8eb42d56 -> 
  custom:audio-encoder-webm-vorbis: bf7c407c2cedff20999df2af8eb42d56 -> 
========================================================================
Received Prepare
Registering precompiled user dll's ...
Registered in 0.006760 seconds.
Begin MonoManager ReloadAssembly
Native extension for WindowsStandalone target not found
Native extension for OSXStandalone target not found
Refreshing native plugins compatible for Editor in 0.53 ms, found 2 plugins.
Preloading 0 native plugins for Editor in 0.00 ms.
Mono: successfully reloaded assembly
- Completed reload, in  1.247 seconds
Domain Reload Profiling:
	ReloadAssembly (1247ms)
		BeginReloadAssembly (143ms)
			ExecutionOrderSort (0ms)
			DisableScriptedObjects (5ms)
			BackupInstance (0ms)
			ReleaseScriptingObjects (0ms)
			CreateAndSetChildDomain (37ms)
		EndReloadAssembly (1019ms)
			LoadAssemblies (129ms)
			RebuildTransferFunctionScriptingTraits (0ms)
			SetupTypeCache (335ms)
			ReleaseScriptCaches (1ms)
			RebuildScriptCaches (61ms)
			SetupLoadedEditorAssemblies (378ms)
				LogAssemblyErrors (0ms)
				InitializePlatformSupportModulesInManaged (8ms)
				SetLoadedEditorAssemblies (1ms)
				RefreshPlugins (1ms)
				BeforeProcessingInitializeOnLoad (108ms)
				ProcessInitializeOnLoadAttributes (239ms)
				ProcessInitializeOnLoadMethodAttributes (11ms)
				AfterProcessingInitializeOnLoad (11ms)
				EditorAssembliesLoaded (0ms)
			ExecutionOrderSort2 (0ms)
			AwakeInstancesAfterBackupRestoration (7ms)
Platform modules already initialized, skipping
Refreshing native plugins compatible for Editor in 0.60 ms, found 2 plugins.
Preloading 0 native plugins for Editor in 0.00 ms.
Unloading 1531 Unused Serialized files (Serialized files now loaded: 0)
System memory in use before: 74.9 MB.
System memory in use after: 75.1 MB.

Unloading 14 unused Assets to reduce memory usage. Loaded Objects now: 2031.
Total: 3.746900 ms (FindLiveObjects: 0.356100 ms CreateObjectMapping: 0.057100 ms MarkObjects: 3.303000 ms  DeleteObjects: 0.028400 ms)

AssetImportParameters requested are different than current active one (requested -> active):
  custom:framework-win-MediaFoundation: 216162199b28c13a410421893ffa2e32 -> 
  custom:video-decoder-ogg-theora: a1e56fd34408186e4bbccfd4996cb3dc -> 
  custom:container-muxer-webm: aa71ff27fc2769a1b78a27578f13a17b -> 
  custom:container-demuxer-webm: 4f35f7cbe854078d1ac9338744f61a02 -> 
  custom:container-demuxer-ogg: 62fdf1f143b41e24485cea50d1cbac27 -> 
  custom:video-encoder-webm-vp8: eb34c28f22e8b96e1ab97ce403110664 -> 
  custom:video-decoder-webm-vp8: 9c59270c3fd7afecdb556c50c9e8de78 -> 
  custom:audio-decoder-ogg-vorbis: bf7c407c2cedff20999df2af8eb42d56 -> 
  custom:audio-encoder-webm-vorbis: bf7c407c2cedff20999df2af8eb42d56 -> 
========================================================================
Received Prepare
Registering precompiled user dll's ...
Registered in 0.006136 seconds.
Begin MonoManager ReloadAssembly
Native extension for WindowsStandalone target not found
Native extension for OSXStandalone target not found
Refreshing native plugins compatible for Editor in 0.76 ms, found 2 plugins.
Preloading 0 native plugins for Editor in 0.00 ms.
Mono: successfully reloaded assembly
- Completed reload, in  1.142 seconds
Domain Reload Profiling:
	ReloadAssembly (1143ms)
		BeginReloadAssembly (139ms)
			ExecutionOrderSort (0ms)
			DisableScriptedObjects (5ms)
			BackupInstance (0ms)
			ReleaseScriptingObjects (0ms)
			CreateAndSetChildDomain (41ms)
		EndReloadAssembly (927ms)
			LoadAssemblies (115ms)
			RebuildTransferFunctionScriptingTraits (0ms)
			SetupTypeCache (318ms)
			ReleaseScriptCaches (1ms)
			RebuildScriptCaches (57ms)
			SetupLoadedEditorAssemblies (341ms)
				LogAssemblyErrors (0ms)
				InitializePlatformSupportModulesInManaged (8ms)
				SetLoadedEditorAssemblies (1ms)
				RefreshPlugins (1ms)
				BeforeProcessingInitializeOnLoad (96ms)
				ProcessInitializeOnLoadAttributes (213ms)
				ProcessInitializeOnLoadMethodAttributes (11ms)
				AfterProcessingInitializeOnLoad (11ms)
				EditorAssembliesLoaded (0ms)
			ExecutionOrderSort2 (0ms)
			AwakeInstancesAfterBackupRestoration (7ms)
Platform modules already initialized, skipping
Refreshing native plugins compatible for Editor in 0.74 ms, found 2 plugins.
Preloading 0 native plugins for Editor in 0.00 ms.
Unloading 1531 Unused Serialized files (Serialized files now loaded: 0)
System memory in use before: 75.0 MB.
System memory in use after: 75.1 MB.

Unloading 14 unused Assets to reduce memory usage. Loaded Objects now: 2033.
Total: 3.044400 ms (FindLiveObjects: 0.149200 ms CreateObjectMapping: 0.039400 ms MarkObjects: 2.824600 ms  DeleteObjects: 0.030200 ms)

AssetImportParameters requested are different than current active one (requested -> active):
  custom:framework-win-MediaFoundation: 216162199b28c13a410421893ffa2e32 -> 
  custom:video-decoder-ogg-theora: a1e56fd34408186e4bbccfd4996cb3dc -> 
  custom:container-muxer-webm: aa71ff27fc2769a1b78a27578f13a17b -> 
  custom:container-demuxer-webm: 4f35f7cbe854078d1ac9338744f61a02 -> 
  custom:container-demuxer-ogg: 62fdf1f143b41e24485cea50d1cbac27 -> 
  custom:video-encoder-webm-vp8: eb34c28f22e8b96e1ab97ce403110664 -> 
  custom:video-decoder-webm-vp8: 9c59270c3fd7afecdb556c50c9e8de78 -> 
  custom:audio-decoder-ogg-vorbis: bf7c407c2cedff20999df2af8eb42d56 -> 
  custom:audio-encoder-webm-vorbis: bf7c407c2cedff20999df2af8eb42d56 -> 
========================================================================
Received Prepare
Registering precompiled user dll's ...
Registered in 0.006427 seconds.
Begin MonoManager ReloadAssembly
Native extension for WindowsStandalone target not found
Native extension for OSXStandalone target not found
Refreshing native plugins compatible for Editor in 0.61 ms, found 2 plugins.
Preloading 0 native plugins for Editor in 0.00 ms.
Mono: successfully reloaded assembly
- Completed reload, in  1.069 seconds
Domain Reload Profiling:
	ReloadAssembly (1069ms)
		BeginReloadAssembly (124ms)
			ExecutionOrderSort (0ms)
			DisableScriptedObjects (5ms)
			BackupInstance (0ms)
			ReleaseScriptingObjects (0ms)
			CreateAndSetChildDomain (32ms)
		EndReloadAssembly (874ms)
			LoadAssemblies (109ms)
			RebuildTransferFunctionScriptingTraits (0ms)
			SetupTypeCache (299ms)
			ReleaseScriptCaches (1ms)
			RebuildScriptCaches (39ms)
			SetupLoadedEditorAssemblies (319ms)
				LogAssemblyErrors (0ms)
				InitializePlatformSupportModulesInManaged (6ms)
				SetLoadedEditorAssemblies (1ms)
				RefreshPlugins (1ms)
				BeforeProcessingInitializeOnLoad (90ms)
				ProcessInitializeOnLoadAttributes (201ms)
				ProcessInitializeOnLoadMethodAttributes (10ms)
				AfterProcessingInitializeOnLoad (11ms)
				EditorAssembliesLoaded (0ms)
			ExecutionOrderSort2 (0ms)
			AwakeInstancesAfterBackupRestoration (7ms)
Platform modules already initialized, skipping
Refreshing native plugins compatible for Editor in 0.58 ms, found 2 plugins.
Preloading 0 native plugins for Editor in 0.00 ms.
Unloading 1531 Unused Serialized files (Serialized files now loaded: 0)
System memory in use before: 75.0 MB.
System memory in use after: 75.1 MB.

Unloading 14 unused Assets to reduce memory usage. Loaded Objects now: 2035.
Total: 3.112700 ms (FindLiveObjects: 0.215200 ms CreateObjectMapping: 0.041200 ms MarkObjects: 2.830800 ms  DeleteObjects: 0.024100 ms)

AssetImportParameters requested are different than current active one (requested -> active):
  custom:framework-win-MediaFoundation: 216162199b28c13a410421893ffa2e32 -> 
  custom:video-decoder-ogg-theora: a1e56fd34408186e4bbccfd4996cb3dc -> 
  custom:container-muxer-webm: aa71ff27fc2769a1b78a27578f13a17b -> 
  custom:container-demuxer-webm: 4f35f7cbe854078d1ac9338744f61a02 -> 
  custom:container-demuxer-ogg: 62fdf1f143b41e24485cea50d1cbac27 -> 
  custom:video-encoder-webm-vp8: eb34c28f22e8b96e1ab97ce403110664 -> 
  custom:video-decoder-webm-vp8: 9c59270c3fd7afecdb556c50c9e8de78 -> 
  custom:audio-decoder-ogg-vorbis: bf7c407c2cedff20999df2af8eb42d56 -> 
  custom:audio-encoder-webm-vorbis: bf7c407c2cedff20999df2af8eb42d56 -> 
========================================================================
Received Prepare
Registering precompiled user dll's ...
Registered in 0.008190 seconds.
Begin MonoManager ReloadAssembly
Native extension for WindowsStandalone target not found
Native extension for OSXStandalone target not found
Refreshing native plugins compatible for Editor in 1.45 ms, found 2 plugins.
Preloading 0 native plugins for Editor in 0.00 ms.
Mono: successfully reloaded assembly
- Completed reload, in  1.188 seconds
Domain Reload Profiling:
	ReloadAssembly (1188ms)
		BeginReloadAssembly (136ms)
			ExecutionOrderSort (0ms)
			DisableScriptedObjects (5ms)
			BackupInstance (0ms)
			ReleaseScriptingObjects (0ms)
			CreateAndSetChildDomain (36ms)
		EndReloadAssembly (980ms)
			LoadAssemblies (114ms)
			RebuildTransferFunctionScriptingTraits (0ms)
			SetupTypeCache (289ms)
			ReleaseScriptCaches (1ms)
			RebuildScriptCaches (51ms)
			SetupLoadedEditorAssemblies (397ms)
				LogAssemblyErrors (0ms)
				InitializePlatformSupportModulesInManaged (10ms)
				SetLoadedEditorAssemblies (1ms)
				RefreshPlugins (2ms)
				BeforeProcessingInitializeOnLoad (103ms)
				ProcessInitializeOnLoadAttributes (255ms)
				ProcessInitializeOnLoadMethodAttributes (13ms)
				AfterProcessingInitializeOnLoad (12ms)
				EditorAssembliesLoaded (1ms)
			ExecutionOrderSort2 (0ms)
			AwakeInstancesAfterBackupRestoration (9ms)
Platform modules already initialized, skipping
Refreshing native plugins compatible for Editor in 0.57 ms, found 2 plugins.
Preloading 0 native plugins for Editor in 0.00 ms.
Unloading 1531 Unused Serialized files (Serialized files now loaded: 0)
System memory in use before: 75.0 MB.
System memory in use after: 75.1 MB.

Unloading 14 unused Assets to reduce memory usage. Loaded Objects now: 2037.
Total: 2.994500 ms (FindLiveObjects: 0.199900 ms CreateObjectMapping: 0.045600 ms MarkObjects: 2.721700 ms  DeleteObjects: 0.026400 ms)

AssetImportParameters requested are different than current active one (requested -> active):
  custom:framework-win-MediaFoundation: 216162199b28c13a410421893ffa2e32 -> 
  custom:video-decoder-ogg-theora: a1e56fd34408186e4bbccfd4996cb3dc -> 
  custom:container-muxer-webm: aa71ff27fc2769a1b78a27578f13a17b -> 
  custom:container-demuxer-webm: 4f35f7cbe854078d1ac9338744f61a02 -> 
  custom:container-demuxer-ogg: 62fdf1f143b41e24485cea50d1cbac27 -> 
  custom:video-encoder-webm-vp8: eb34c28f22e8b96e1ab97ce403110664 -> 
  custom:video-decoder-webm-vp8: 9c59270c3fd7afecdb556c50c9e8de78 -> 
  custom:audio-decoder-ogg-vorbis: bf7c407c2cedff20999df2af8eb42d56 -> 
  custom:audio-encoder-webm-vorbis: bf7c407c2cedff20999df2af8eb42d56 -> 
========================================================================
Received Prepare
Registering precompiled user dll's ...
Registered in 0.007774 seconds.
Begin MonoManager ReloadAssembly
Native extension for WindowsStandalone target not found
Native extension for OSXStandalone target not found
Refreshing native plugins compatible for Editor in 0.59 ms, found 2 plugins.
Preloading 0 native plugins for Editor in 0.00 ms.
Mono: successfully reloaded assembly
- Completed reload, in  1.220 seconds
Domain Reload Profiling:
	ReloadAssembly (1221ms)
		BeginReloadAssembly (142ms)
			ExecutionOrderSort (0ms)
			DisableScriptedObjects (5ms)
			BackupInstance (0ms)
			ReleaseScriptingObjects (0ms)
			CreateAndSetChildDomain (32ms)
		EndReloadAssembly (982ms)
			LoadAssemblies (128ms)
			RebuildTransferFunctionScriptingTraits (0ms)
			SetupTypeCache (346ms)
			ReleaseScriptCaches (1ms)
			RebuildScriptCaches (51ms)
			SetupLoadedEditorAssemblies (358ms)
				LogAssemblyErrors (0ms)
				InitializePlatformSupportModulesInManaged (9ms)
				SetLoadedEditorAssemblies (1ms)
				RefreshPlugins (1ms)
				BeforeProcessingInitializeOnLoad (104ms)
				ProcessInitializeOnLoadAttributes (219ms)
				ProcessInitializeOnLoadMethodAttributes (10ms)
				AfterProcessingInitializeOnLoad (13ms)
				EditorAssembliesLoaded (1ms)
			ExecutionOrderSort2 (0ms)
			AwakeInstancesAfterBackupRestoration (9ms)
Platform modules already initialized, skipping
Refreshing native plugins compatible for Editor in 0.55 ms, found 2 plugins.
Preloading 0 native plugins for Editor in 0.00 ms.
Unloading 1531 Unused Serialized files (Serialized files now loaded: 0)
System memory in use before: 75.0 MB.
System memory in use after: 75.1 MB.

Unloading 14 unused Assets to reduce memory usage. Loaded Objects now: 2039.
Total: 3.084900 ms (FindLiveObjects: 0.199900 ms CreateObjectMapping: 0.038600 ms MarkObjects: 2.815300 ms  DeleteObjects: 0.029100 ms)

AssetImportParameters requested are different than current active one (requested -> active):
  custom:framework-win-MediaFoundation: 216162199b28c13a410421893ffa2e32 -> 
  custom:video-decoder-ogg-theora: a1e56fd34408186e4bbccfd4996cb3dc -> 
  custom:container-muxer-webm: aa71ff27fc2769a1b78a27578f13a17b -> 
  custom:container-demuxer-webm: 4f35f7cbe854078d1ac9338744f61a02 -> 
  custom:container-demuxer-ogg: 62fdf1f143b41e24485cea50d1cbac27 -> 
  custom:video-encoder-webm-vp8: eb34c28f22e8b96e1ab97ce403110664 -> 
  custom:video-decoder-webm-vp8: 9c59270c3fd7afecdb556c50c9e8de78 -> 
  custom:audio-decoder-ogg-vorbis: bf7c407c2cedff20999df2af8eb42d56 -> 
  custom:audio-encoder-webm-vorbis: bf7c407c2cedff20999df2af8eb42d56 -> 
========================================================================
Received Prepare
Registering precompiled user dll's ...
Registered in 0.008332 seconds.
Begin MonoManager ReloadAssembly
Native extension for WindowsStandalone target not found
Native extension for OSXStandalone target not found
Refreshing native plugins compatible for Editor in 0.89 ms, found 2 plugins.
Preloading 0 native plugins for Editor in 0.00 ms.
Mono: successfully reloaded assembly
- Completed reload, in  1.226 seconds
Domain Reload Profiling:
	ReloadAssembly (1227ms)
		BeginReloadAssembly (139ms)
			ExecutionOrderSort (0ms)
			DisableScriptedObjects (6ms)
			BackupInstance (0ms)
			ReleaseScriptingObjects (0ms)
			CreateAndSetChildDomain (35ms)
		EndReloadAssembly (1004ms)
			LoadAssemblies (125ms)
			RebuildTransferFunctionScriptingTraits (0ms)
			SetupTypeCache (356ms)
			ReleaseScriptCaches (1ms)
			RebuildScriptCaches (52ms)
			SetupLoadedEditorAssemblies (347ms)
				LogAssemblyErrors (0ms)
				InitializePlatformSupportModulesInManaged (10ms)
				SetLoadedEditorAssemblies (1ms)
				RefreshPlugins (1ms)
				BeforeProcessingInitializeOnLoad (101ms)
				ProcessInitializeOnLoadAttributes (215ms)
				ProcessInitializeOnLoadMethodAttributes (9ms)
				AfterProcessingInitializeOnLoad (10ms)
				EditorAssembliesLoaded (0ms)
			ExecutionOrderSort2 (0ms)
			AwakeInstancesAfterBackupRestoration (8ms)
Platform modules already initialized, skipping
Refreshing native plugins compatible for Editor in 0.76 ms, found 2 plugins.
Preloading 0 native plugins for Editor in 0.00 ms.
Unloading 1531 Unused Serialized files (Serialized files now loaded: 0)
System memory in use before: 75.0 MB.
System memory in use after: 75.1 MB.

Unloading 14 unused Assets to reduce memory usage. Loaded Objects now: 2041.
Total: 2.810900 ms (FindLiveObjects: 0.151000 ms CreateObjectMapping: 0.037500 ms MarkObjects: 2.594600 ms  DeleteObjects: 0.026400 ms)

AssetImportParameters requested are different than current active one (requested -> active):
  custom:framework-win-MediaFoundation: 216162199b28c13a410421893ffa2e32 -> 
  custom:video-decoder-ogg-theora: a1e56fd34408186e4bbccfd4996cb3dc -> 
  custom:container-muxer-webm: aa71ff27fc2769a1b78a27578f13a17b -> 
  custom:container-demuxer-webm: 4f35f7cbe854078d1ac9338744f61a02 -> 
  custom:container-demuxer-ogg: 62fdf1f143b41e24485cea50d1cbac27 -> 
  custom:video-encoder-webm-vp8: eb34c28f22e8b96e1ab97ce403110664 -> 
  custom:video-decoder-webm-vp8: 9c59270c3fd7afecdb556c50c9e8de78 -> 
  custom:audio-decoder-ogg-vorbis: bf7c407c2cedff20999df2af8eb42d56 -> 
  custom:audio-encoder-webm-vorbis: bf7c407c2cedff20999df2af8eb42d56 -> 
========================================================================
Received Prepare
Registering precompiled user dll's ...
Registered in 0.008065 seconds.
Begin MonoManager ReloadAssembly
Native extension for WindowsStandalone target not found
Native extension for OSXStandalone target not found
Refreshing native plugins compatible for Editor in 0.72 ms, found 2 plugins.
Preloading 0 native plugins for Editor in 0.00 ms.
Mono: successfully reloaded assembly
- Completed reload, in  1.090 seconds
Domain Reload Profiling:
	ReloadAssembly (1091ms)
		BeginReloadAssembly (136ms)
			ExecutionOrderSort (0ms)
			DisableScriptedObjects (5ms)
			BackupInstance (0ms)
			ReleaseScriptingObjects (0ms)
			CreateAndSetChildDomain (37ms)
		EndReloadAssembly (877ms)
			LoadAssemblies (118ms)
			RebuildTransferFunctionScriptingTraits (0ms)
			SetupTypeCache (296ms)
			ReleaseScriptCaches (1ms)
			RebuildScriptCaches (43ms)
			SetupLoadedEditorAssemblies (329ms)
				LogAssemblyErrors (0ms)
				InitializePlatformSupportModulesInManaged (7ms)
				SetLoadedEditorAssemblies (1ms)
				RefreshPlugins (1ms)
				BeforeProcessingInitializeOnLoad (88ms)
				ProcessInitializeOnLoadAttributes (214ms)
				ProcessInitializeOnLoadMethodAttributes (9ms)
				AfterProcessingInitializeOnLoad (10ms)
				EditorAssembliesLoaded (0ms)
			ExecutionOrderSort2 (0ms)
			AwakeInstancesAfterBackupRestoration (7ms)
Platform modules already initialized, skipping
Refreshing native plugins compatible for Editor in 0.55 ms, found 2 plugins.
Preloading 0 native plugins for Editor in 0.00 ms.
Unloading 1531 Unused Serialized files (Serialized files now loaded: 0)
System memory in use before: 75.0 MB.
System memory in use after: 75.1 MB.

Unloading 14 unused Assets to reduce memory usage. Loaded Objects now: 2043.
Total: 3.718900 ms (FindLiveObjects: 0.261900 ms CreateObjectMapping: 0.044000 ms MarkObjects: 3.377700 ms  DeleteObjects: 0.032900 ms)

AssetImportParameters requested are different than current active one (requested -> active):
  custom:framework-win-MediaFoundation: 216162199b28c13a410421893ffa2e32 -> 
  custom:video-decoder-ogg-theora: a1e56fd34408186e4bbccfd4996cb3dc -> 
  custom:container-muxer-webm: aa71ff27fc2769a1b78a27578f13a17b -> 
  custom:container-demuxer-webm: 4f35f7cbe854078d1ac9338744f61a02 -> 
  custom:container-demuxer-ogg: 62fdf1f143b41e24485cea50d1cbac27 -> 
  custom:video-encoder-webm-vp8: eb34c28f22e8b96e1ab97ce403110664 -> 
  custom:video-decoder-webm-vp8: 9c59270c3fd7afecdb556c50c9e8de78 -> 
  custom:audio-decoder-ogg-vorbis: bf7c407c2cedff20999df2af8eb42d56 -> 
  custom:audio-encoder-webm-vorbis: bf7c407c2cedff20999df2af8eb42d56 -> 
========================================================================
Received Import Request.
  Time since last request: 1431.186289 seconds.
  path: Assets/RacingKit/AssetPacks/SimpleRacer/Prefabs/Environment/SR_Env_Concrete_Track_Blank.prefab
  artifactKey: Guid(700cd63f87a43f14191342c370abef3a) Importer(815301076,1909f56bfc062723c751e8b465ee728b)
Start importing Assets/RacingKit/AssetPacks/SimpleRacer/Prefabs/Environment/SR_Env_Concrete_Track_Blank.prefab using Guid(700cd63f87a43f14191342c370abef3a) Importer(815301076,1909f56bfc062723c751e8b465ee728b)  -> (artifact id: '1e33b12d101bf6e90f277c12cfc25528') in 0.091060 seconds 
  Import took 0.094462 seconds .

========================================================================
Received Import Request.
  Time since last request: 0.000195 seconds.
  path: Assets/RacingKit/AssetPacks/SimpleRacer/Prefabs/Environment/SR_Env_Concrete_Track_CornerSmooth_Sand.prefab
  artifactKey: Guid(6df0ac1e88b57e44ea60242b94bcd1d6) Importer(815301076,1909f56bfc062723c751e8b465ee728b)
Start importing Assets/RacingKit/AssetPacks/SimpleRacer/Prefabs/Environment/SR_Env_Concrete_Track_CornerSmooth_Sand.prefab using Guid(6df0ac1e88b57e44ea60242b94bcd1d6) Importer(815301076,1909f56bfc062723c751e8b465ee728b)  -> (artifact id: '237570d981d445502e20c4ea6bb7328d') in 0.024588 seconds 
  Import took 0.028206 seconds .

========================================================================
Received Import Request.
  Time since last request: 0.000374 seconds.
  path: Assets/RacingKit/AssetPacks/SimpleRacer/Prefabs/Environment/SR_Env_Concrete_Track_CornerTight_01.prefab
  artifactKey: Guid(90f44237a22b32b4b8c80df56a11cc21) Importer(815301076,1909f56bfc062723c751e8b465ee728b)
Start importing Assets/RacingKit/AssetPacks/SimpleRacer/Prefabs/Environment/SR_Env_Concrete_Track_CornerTight_01.prefab using Guid(90f44237a22b32b4b8c80df56a11cc21) Importer(815301076,1909f56bfc062723c751e8b465ee728b)  -> (artifact id: 'be46803497155852bb7740053ab11cdb') in 0.023266 seconds 
  Import took 0.027673 seconds .

========================================================================
Received Import Request.
  Time since last request: 0.000610 seconds.
  path: Assets/RacingKit/AssetPacks/SimpleRacer/Prefabs/Environment/SR_Env_Concrete_Track_CornerTight_02.prefab
  artifactKey: Guid(ecacdd040baaaa947a027e24714953ab) Importer(815301076,1909f56bfc062723c751e8b465ee728b)
Start importing Assets/RacingKit/AssetPacks/SimpleRacer/Prefabs/Environment/SR_Env_Concrete_Track_CornerTight_02.prefab using Guid(ecacdd040baaaa947a027e24714953ab) Importer(815301076,1909f56bfc062723c751e8b465ee728b)  -> (artifact id: '219d5168378cc7335b699a70ad3f4087') in 0.025622 seconds 
  Import took 0.030153 seconds .

========================================================================
Received Import Request.
  Time since last request: 0.000186 seconds.
  path: Assets/RacingKit/AssetPacks/SimpleRacer/Prefabs/Environment/SR_Env_Concrete_Track_CornerSmooth_Dirt_Skids.prefab
  artifactKey: Guid(1b6b9ef6c09befc41aa889d992556cfe) Importer(815301076,1909f56bfc062723c751e8b465ee728b)
Start importing Assets/RacingKit/AssetPacks/SimpleRacer/Prefabs/Environment/SR_Env_Concrete_Track_CornerSmooth_Dirt_Skids.prefab using Guid(1b6b9ef6c09befc41aa889d992556cfe) Importer(815301076,1909f56bfc062723c751e8b465ee728b)  -> (artifact id: '42e692fea162ceb6e2665359896fd4a3') in 0.027648 seconds 
  Import took 0.031250 seconds .

========================================================================
Received Import Request.
  Time since last request: 0.000448 seconds.
  path: Assets/RacingKit/AssetPacks/SimpleRacer/Prefabs/Environment/SR_Env_Concrete_Track_CornerSmooth_Grass.prefab
  artifactKey: Guid(b2512aadd28fca443982f66ee57ed5b4) Importer(815301076,1909f56bfc062723c751e8b465ee728b)
Start importing Assets/RacingKit/AssetPacks/SimpleRacer/Prefabs/Environment/SR_Env_Concrete_Track_CornerSmooth_Grass.prefab using Guid(b2512aadd28fca443982f66ee57ed5b4) Importer(815301076,1909f56bfc062723c751e8b465ee728b)  -> (artifact id: 'cdc0def421073e3ee183da1e1f3c82e8') in 0.020611 seconds 
  Import took 0.024322 seconds .

========================================================================
Received Import Request.
  Time since last request: 0.000226 seconds.
  path: Assets/RacingKit/AssetPacks/SimpleRacer/Prefabs/Environment/SR_Env_Concrete_Track_CornerTight_04.prefab
  artifactKey: Guid(a0a8141f87add3f4aa0051d28cffce32) Importer(815301076,1909f56bfc062723c751e8b465ee728b)
Start importing Assets/RacingKit/AssetPacks/SimpleRacer/Prefabs/Environment/SR_Env_Concrete_Track_CornerTight_04.prefab using Guid(a0a8141f87add3f4aa0051d28cffce32) Importer(815301076,1909f56bfc062723c751e8b465ee728b)  -> (artifact id: 'f7efb36fe262039d744b4ad26d3c8a15') in 0.027430 seconds 
  Import took 0.030339 seconds .

========================================================================
Received Import Request.
  Time since last request: 0.000296 seconds.
  path: Assets/RacingKit/AssetPacks/SimpleRacer/Prefabs/Environment/SR_Env_Concrete_Track_CornerSmooth_Dirt.prefab
  artifactKey: Guid(3d4db2bc509aa774280f86d2f1243c82) Importer(815301076,1909f56bfc062723c751e8b465ee728b)
Start importing Assets/RacingKit/AssetPacks/SimpleRacer/Prefabs/Environment/SR_Env_Concrete_Track_CornerSmooth_Dirt.prefab using Guid(3d4db2bc509aa774280f86d2f1243c82) Importer(815301076,1909f56bfc062723c751e8b465ee728b)  -> (artifact id: '81ebe823adc3c86da401c94f88a25798') in 0.027489 seconds 
  Import took 0.031231 seconds .

========================================================================
Received Import Request.
  Time since last request: 0.000267 seconds.
  path: Assets/RacingKit/AssetPacks/SimpleRacer/Prefabs/Environment/SR_Env_Concrete_Track_CornerSmooth_Sand_Skids.prefab
  artifactKey: Guid(a25ae6976810efd4fa791d635bc05131) Importer(815301076,1909f56bfc062723c751e8b465ee728b)
Start importing Assets/RacingKit/AssetPacks/SimpleRacer/Prefabs/Environment/SR_Env_Concrete_Track_CornerSmooth_Sand_Skids.prefab using Guid(a25ae6976810efd4fa791d635bc05131) Importer(815301076,1909f56bfc062723c751e8b465ee728b)  -> (artifact id: '8adbc847839ad9c1df9a80044e26e5bd') in 0.023413 seconds 
  Import took 0.028498 seconds .

========================================================================
Received Import Request.
  Time since last request: 0.000284 seconds.
  path: Assets/RacingKit/AssetPacks/SimpleRacer/Prefabs/Environment/SR_Env_Concrete_Track_CornerIntersection.prefab
  artifactKey: Guid(0796d2c02a8fd6344b33cc04574f6df4) Importer(815301076,1909f56bfc062723c751e8b465ee728b)
Start importing Assets/RacingKit/AssetPacks/SimpleRacer/Prefabs/Environment/SR_Env_Concrete_Track_CornerIntersection.prefab using Guid(0796d2c02a8fd6344b33cc04574f6df4) Importer(815301076,1909f56bfc062723c751e8b465ee728b)  -> (artifact id: '43f41b1096e4ff8574eeeefeb2fad0df') in 0.018171 seconds 
  Import took 0.021492 seconds .

========================================================================
Received Import Request.
  Time since last request: 0.000240 seconds.
  path: Assets/RacingKit/AssetPacks/SimpleRacer/Prefabs/Environment/SR_Env_Concrete_Track_CornerSmooth_Grass_Skids.prefab
  artifactKey: Guid(6d92a5a9f2114684fa194b0d84b771c2) Importer(815301076,1909f56bfc062723c751e8b465ee728b)
Start importing Assets/RacingKit/AssetPacks/SimpleRacer/Prefabs/Environment/SR_Env_Concrete_Track_CornerSmooth_Grass_Skids.prefab using Guid(6d92a5a9f2114684fa194b0d84b771c2) Importer(815301076,1909f56bfc062723c751e8b465ee728b)  -> (artifact id: '9b04d1b21354aae57f013b9aa83530c9') in 0.028464 seconds 
  Import took 0.031553 seconds .

========================================================================
Received Import Request.
  Time since last request: 0.000180 seconds.
  path: Assets/RacingKit/AssetPacks/SimpleRacer/Prefabs/Environment/SR_Env_Concrete_Track_CornerTSection.prefab
  artifactKey: Guid(e07698c73df57fd46add02b5c9c6ab56) Importer(815301076,1909f56bfc062723c751e8b465ee728b)
Start importing Assets/RacingKit/AssetPacks/SimpleRacer/Prefabs/Environment/SR_Env_Concrete_Track_CornerTSection.prefab using Guid(e07698c73df57fd46add02b5c9c6ab56) Importer(815301076,1909f56bfc062723c751e8b465ee728b)  -> (artifact id: '27170932bb77abce4aa9e69511198b0a') in 0.028294 seconds 
  Import took 0.031603 seconds .

========================================================================
Received Import Request.
  Time since last request: 0.000217 seconds.
  path: Assets/RacingKit/AssetPacks/SimpleRacer/Prefabs/Environment/SR_Env_Concrete_Track_CornerTight_03_Skids.prefab
  artifactKey: Guid(1ee175a2711b6cd428326e874beb6dcf) Importer(815301076,1909f56bfc062723c751e8b465ee728b)
Start importing Assets/RacingKit/AssetPacks/SimpleRacer/Prefabs/Environment/SR_Env_Concrete_Track_CornerTight_03_Skids.prefab using Guid(1ee175a2711b6cd428326e874beb6dcf) Importer(815301076,1909f56bfc062723c751e8b465ee728b)  -> (artifact id: '3f1e1b8c89a051bcfaa5d53542fd9fc6') in 0.028583 seconds 
  Import took 0.031460 seconds .

========================================================================
Received Import Request.
  Time since last request: 49.892304 seconds.
  path: Assets/RacingKit/AssetPacks/SimpleRacer/Prefabs/Characters/SR_Character_RacerOpen_Red.prefab
  artifactKey: Guid(757a92e57a44cbb4d90287bc19932523) Importer(815301076,1909f56bfc062723c751e8b465ee728b)
Start importing Assets/RacingKit/AssetPacks/SimpleRacer/Prefabs/Characters/SR_Character_RacerOpen_Red.prefab using Guid(757a92e57a44cbb4d90287bc19932523) Importer(815301076,1909f56bfc062723c751e8b465ee728b)  -> (artifact id: '3633e47ed107292e32345b5f5c621c4a') in 0.092435 seconds 
  Import took 0.104061 seconds .

========================================================================
Received Import Request.
  Time since last request: 0.000321 seconds.
  path: Assets/RacingKit/AssetPacks/SimpleRacer/Prefabs/Characters/SR_Character_Rider_ Blue.prefab
  artifactKey: Guid(f14c1d3a8bc6adf4185efc8ebbfa3613) Importer(815301076,1909f56bfc062723c751e8b465ee728b)
Start importing Assets/RacingKit/AssetPacks/SimpleRacer/Prefabs/Characters/SR_Character_Rider_ Blue.prefab using Guid(f14c1d3a8bc6adf4185efc8ebbfa3613) Importer(815301076,1909f56bfc062723c751e8b465ee728b)  -> (artifact id: '89892df14693ccb2d19ceca0f62581a7') in 0.067837 seconds 
  Import took 0.074239 seconds .

========================================================================
Received Import Request.
  Time since last request: 0.000203 seconds.
  path: Assets/RacingKit/AssetPacks/SimpleRacer/Prefabs/Characters/SR_Character_Rider_ Green.prefab
  artifactKey: Guid(11d4e0f0289c28c40a5cab1ccaa992a1) Importer(815301076,1909f56bfc062723c751e8b465ee728b)
Start importing Assets/RacingKit/AssetPacks/SimpleRacer/Prefabs/Characters/SR_Character_Rider_ Green.prefab using Guid(11d4e0f0289c28c40a5cab1ccaa992a1) Importer(815301076,1909f56bfc062723c751e8b465ee728b)  -> (artifact id: '700a698a6211c700ce43b3b178d8ed00') in 0.070228 seconds 
  Import took 0.078587 seconds .

========================================================================
Received Import Request.
  Time since last request: 0.000324 seconds.
  path: Assets/RacingKit/AssetPacks/SimpleRacer/Prefabs/Characters/SR_Character_RacerOpen_Yellow.prefab
  artifactKey: Guid(8a20f290bff800049bbf05c9bfd72dfb) Importer(815301076,1909f56bfc062723c751e8b465ee728b)
Start importing Assets/RacingKit/AssetPacks/SimpleRacer/Prefabs/Characters/SR_Character_RacerOpen_Yellow.prefab using Guid(8a20f290bff800049bbf05c9bfd72dfb) Importer(815301076,1909f56bfc062723c751e8b465ee728b)  -> (artifact id: '70f649b510a7d084c1c6988bb98b9a64') in 0.072699 seconds 
  Import took 0.080550 seconds .

========================================================================
Received Import Request.
  Time since last request: 0.000206 seconds.
  path: Assets/RacingKit/AssetPacks/SimpleRacer/Prefabs/Characters/SR_Character_RacerOpen_White.prefab
  artifactKey: Guid(b86a13bfc04389d4e90dce3f5c5d45e8) Importer(815301076,1909f56bfc062723c751e8b465ee728b)
Start importing Assets/RacingKit/AssetPacks/SimpleRacer/Prefabs/Characters/SR_Character_RacerOpen_White.prefab using Guid(b86a13bfc04389d4e90dce3f5c5d45e8) Importer(815301076,1909f56bfc062723c751e8b465ee728b)  -> (artifact id: '084f03e505e3e750f65f33fa3aa2dadb') in 0.061108 seconds 
  Import took 0.067919 seconds .

========================================================================
Received Import Request.
  Time since last request: 0.000315 seconds.
  path: Assets/RacingKit/AssetPacks/SimpleRacer/Prefabs/Characters/SR_Character_Rider_ Black.prefab
  artifactKey: Guid(46b00be29c27aba40ada55c6b7f36ef7) Importer(815301076,1909f56bfc062723c751e8b465ee728b)
Start importing Assets/RacingKit/AssetPacks/SimpleRacer/Prefabs/Characters/SR_Character_Rider_ Black.prefab using Guid(46b00be29c27aba40ada55c6b7f36ef7) Importer(815301076,1909f56bfc062723c751e8b465ee728b)  -> (artifact id: '29a3043604079f51860ad5781827a62b') in 0.065436 seconds 
  Import took 0.072778 seconds .

========================================================================
Received Prepare
Registering precompiled user dll's ...
Registered in 0.008095 seconds.
Begin MonoManager ReloadAssembly
Native extension for WindowsStandalone target not found
Native extension for OSXStandalone target not found
Refreshing native plugins compatible for Editor in 0.71 ms, found 2 plugins.
Preloading 0 native plugins for Editor in 0.00 ms.
Mono: successfully reloaded assembly
- Completed reload, in  1.207 seconds
Domain Reload Profiling:
	ReloadAssembly (1208ms)
		BeginReloadAssembly (141ms)
			ExecutionOrderSort (0ms)
			DisableScriptedObjects (5ms)
			BackupInstance (0ms)
			ReleaseScriptingObjects (0ms)
			CreateAndSetChildDomain (40ms)
		EndReloadAssembly (983ms)
			LoadAssemblies (116ms)
			RebuildTransferFunctionScriptingTraits (0ms)
			SetupTypeCache (336ms)
			ReleaseScriptCaches (1ms)
			RebuildScriptCaches (50ms)
			SetupLoadedEditorAssemblies (359ms)
				LogAssemblyErrors (0ms)
				InitializePlatformSupportModulesInManaged (7ms)
				SetLoadedEditorAssemblies (1ms)
				RefreshPlugins (1ms)
				BeforeProcessingInitializeOnLoad (100ms)
				ProcessInitializeOnLoadAttributes (228ms)
				ProcessInitializeOnLoadMethodAttributes (13ms)
				AfterProcessingInitializeOnLoad (10ms)
				EditorAssembliesLoaded (0ms)
			ExecutionOrderSort2 (0ms)
			AwakeInstancesAfterBackupRestoration (8ms)
Platform modules already initialized, skipping
Refreshing native plugins compatible for Editor in 0.56 ms, found 2 plugins.
Preloading 0 native plugins for Editor in 0.00 ms.
Unloading 1531 Unused Serialized files (Serialized files now loaded: 0)
System memory in use before: 88.9 MB.
System memory in use after: 89.0 MB.

Unloading 14 unused Assets to reduce memory usage. Loaded Objects now: 2047.
Total: 3.818300 ms (FindLiveObjects: 0.204000 ms CreateObjectMapping: 0.041600 ms MarkObjects: 3.545600 ms  DeleteObjects: 0.025600 ms)

AssetImportParameters requested are different than current active one (requested -> active):
  custom:framework-win-MediaFoundation: 216162199b28c13a410421893ffa2e32 -> 
  custom:video-decoder-ogg-theora: a1e56fd34408186e4bbccfd4996cb3dc -> 
  custom:container-muxer-webm: aa71ff27fc2769a1b78a27578f13a17b -> 
  custom:container-demuxer-webm: 4f35f7cbe854078d1ac9338744f61a02 -> 
  custom:container-demuxer-ogg: 62fdf1f143b41e24485cea50d1cbac27 -> 
  custom:video-encoder-webm-vp8: eb34c28f22e8b96e1ab97ce403110664 -> 
  custom:video-decoder-webm-vp8: 9c59270c3fd7afecdb556c50c9e8de78 -> 
  custom:audio-decoder-ogg-vorbis: bf7c407c2cedff20999df2af8eb42d56 -> 
  custom:audio-encoder-webm-vorbis: bf7c407c2cedff20999df2af8eb42d56 -> 
========================================================================
Received Prepare
Registering precompiled user dll's ...
Registered in 0.007395 seconds.
Begin MonoManager ReloadAssembly
Native extension for WindowsStandalone target not found
Native extension for OSXStandalone target not found
Refreshing native plugins compatible for Editor in 0.66 ms, found 2 plugins.
Preloading 0 native plugins for Editor in 0.00 ms.
Mono: successfully reloaded assembly
- Completed reload, in  1.167 seconds
Domain Reload Profiling:
	ReloadAssembly (1168ms)
		BeginReloadAssembly (130ms)
			ExecutionOrderSort (0ms)
			DisableScriptedObjects (5ms)
			BackupInstance (0ms)
			ReleaseScriptingObjects (0ms)
			CreateAndSetChildDomain (35ms)
		EndReloadAssembly (961ms)
			LoadAssemblies (110ms)
			RebuildTransferFunctionScriptingTraits (0ms)
			SetupTypeCache (332ms)
			ReleaseScriptCaches (1ms)
			RebuildScriptCaches (45ms)
			SetupLoadedEditorAssemblies (362ms)
				LogAssemblyErrors (0ms)
				InitializePlatformSupportModulesInManaged (6ms)
				SetLoadedEditorAssemblies (1ms)
				RefreshPlugins (1ms)
				BeforeProcessingInitializeOnLoad (101ms)
				ProcessInitializeOnLoadAttributes (229ms)
				ProcessInitializeOnLoadMethodAttributes (13ms)
				AfterProcessingInitializeOnLoad (11ms)
				EditorAssembliesLoaded (0ms)
			ExecutionOrderSort2 (0ms)
			AwakeInstancesAfterBackupRestoration (7ms)
Platform modules already initialized, skipping
Refreshing native plugins compatible for Editor in 0.89 ms, found 2 plugins.
Preloading 0 native plugins for Editor in 0.00 ms.
Unloading 1531 Unused Serialized files (Serialized files now loaded: 0)
System memory in use before: 88.9 MB.
System memory in use after: 89.0 MB.

Unloading 14 unused Assets to reduce memory usage. Loaded Objects now: 2049.
Total: 3.233200 ms (FindLiveObjects: 0.174700 ms CreateObjectMapping: 0.036200 ms MarkObjects: 2.998000 ms  DeleteObjects: 0.023300 ms)

AssetImportParameters requested are different than current active one (requested -> active):
  custom:framework-win-MediaFoundation: 216162199b28c13a410421893ffa2e32 -> 
  custom:video-decoder-ogg-theora: a1e56fd34408186e4bbccfd4996cb3dc -> 
  custom:container-muxer-webm: aa71ff27fc2769a1b78a27578f13a17b -> 
  custom:container-demuxer-webm: 4f35f7cbe854078d1ac9338744f61a02 -> 
  custom:container-demuxer-ogg: 62fdf1f143b41e24485cea50d1cbac27 -> 
  custom:video-encoder-webm-vp8: eb34c28f22e8b96e1ab97ce403110664 -> 
  custom:video-decoder-webm-vp8: 9c59270c3fd7afecdb556c50c9e8de78 -> 
  custom:audio-decoder-ogg-vorbis: bf7c407c2cedff20999df2af8eb42d56 -> 
  custom:audio-encoder-webm-vorbis: bf7c407c2cedff20999df2af8eb42d56 -> 
AssetImportWorkerClient::OnTransportError - code=2 error=End of file
