Using pre-set license
Built from '2020.3/staging' branch; Version is '2020.3.28f1 (f5400f52e03f) revision 16072719'; Using compiler version '192528614'; Build Type 'Release'
OS: 'Windows 10  (10.0.19044) 64bit Enterprise' Language: 'en' Physical Memory: 8082 MB
BatchMode: 1, IsHumanControllingUs: 0, StartBugReporterOnCrash: 0, Is64bit: 1, IsPro: 0

COMMAND LINE ARGUMENTS:
C:\Program Files\Unity\Hub\Editor\2020.3.28f1\Editor\Unity.exe
-adb2
-batchMode
-noUpm
-name
AssetImportWorker1
-projectPath
C:/Users/Paul/Desktop/Unity/Repos/Racer-Game/TARacerKit
-logFile
Logs/AssetImportWorker1.log
-srvPort
50311
Successfully changed project path to: C:/Users/Paul/Desktop/Unity/Repos/Racer-Game/TARacerKit
C:/Users/Paul/Desktop/Unity/Repos/Racer-Game/TARacerKit
Using Asset Import Pipeline V2.
Refreshing native plugins compatible for Editor in 53.96 ms, found 2 plugins.
Preloading 0 native plugins for Editor in 0.00 ms.
Initialize engine version: 2020.3.28f1 (f5400f52e03f)
[Subsystems] Discovering subsystems at path C:/Program Files/Unity/Hub/Editor/2020.3.28f1/Editor/Data/Resources/UnitySubsystems
[Subsystems] Discovering subsystems at path C:/Users/Paul/Desktop/Unity/Repos/Racer-Game/TARacerKit/Assets
GfxDevice: creating device client; threaded=0
Direct3D:
    Version:  Direct3D 11.0 [level 11.1]
    Renderer: Intel(R) HD Graphics 530 (ID=0x1912)
    Vendor:   
    VRAM:     4041 MB
    Driver:   27.20.100.8681
Initialize mono
Mono path[0] = 'C:/Program Files/Unity/Hub/Editor/2020.3.28f1/Editor/Data/Managed'
Mono path[1] = 'C:/Program Files/Unity/Hub/Editor/2020.3.28f1/Editor/Data/MonoBleedingEdge/lib/mono/unityjit'
Mono config path = 'C:/Program Files/Unity/Hub/Editor/2020.3.28f1/Editor/Data/MonoBleedingEdge/etc'
Using monoOptions --debugger-agent=transport=dt_socket,embedding=1,server=y,suspend=n,address=127.0.0.1:56252
Begin MonoManager ReloadAssembly
Registering precompiled unity dll's ...
Register platform support module: C:/Program Files/Unity/Hub/Editor/2020.3.28f1/Editor/Data/PlaybackEngines/WindowsStandaloneSupport/UnityEditor.WindowsStandalone.Extensions.dll
Registered in 0.002541 seconds.
Native extension for WindowsStandalone target not found
Refreshing native plugins compatible for Editor in 57.37 ms, found 2 plugins.
Preloading 0 native plugins for Editor in 0.00 ms.
Mono: successfully reloaded assembly
- Completed reload, in  0.795 seconds
Domain Reload Profiling:
	ReloadAssembly (795ms)
		BeginReloadAssembly (90ms)
			ExecutionOrderSort (0ms)
			DisableScriptedObjects (0ms)
			BackupInstance (0ms)
			ReleaseScriptingObjects (0ms)
			CreateAndSetChildDomain (1ms)
		EndReloadAssembly (617ms)
			LoadAssemblies (88ms)
			RebuildTransferFunctionScriptingTraits (0ms)
			SetupTypeCache (217ms)
			ReleaseScriptCaches (0ms)
			RebuildScriptCaches (41ms)
			SetupLoadedEditorAssemblies (222ms)
				LogAssemblyErrors (0ms)
				InitializePlatformSupportModulesInManaged (4ms)
				SetLoadedEditorAssemblies (0ms)
				RefreshPlugins (57ms)
				BeforeProcessingInitializeOnLoad (21ms)
				ProcessInitializeOnLoadAttributes (100ms)
				ProcessInitializeOnLoadMethodAttributes (39ms)
				AfterProcessingInitializeOnLoad (0ms)
				EditorAssembliesLoaded (0ms)
			ExecutionOrderSort2 (0ms)
			AwakeInstancesAfterBackupRestoration (0ms)
Platform modules already initialized, skipping
Registering precompiled user dll's ...
Registered in 0.006332 seconds.
Begin MonoManager ReloadAssembly
Native extension for WindowsStandalone target not found
Refreshing native plugins compatible for Editor in 0.75 ms, found 2 plugins.
Preloading 0 native plugins for Editor in 0.00 ms.
Mono: successfully reloaded assembly
- Completed reload, in  4.438 seconds
Domain Reload Profiling:
	ReloadAssembly (4446ms)
		BeginReloadAssembly (202ms)
			ExecutionOrderSort (0ms)
			DisableScriptedObjects (7ms)
			BackupInstance (0ms)
			ReleaseScriptingObjects (0ms)
			CreateAndSetChildDomain (23ms)
		EndReloadAssembly (4155ms)
			LoadAssemblies (2078ms)
			RebuildTransferFunctionScriptingTraits (0ms)
			SetupTypeCache (378ms)
			ReleaseScriptCaches (0ms)
			RebuildScriptCaches (50ms)
			SetupLoadedEditorAssemblies (1542ms)
				LogAssemblyErrors (0ms)
				InitializePlatformSupportModulesInManaged (5ms)
				SetLoadedEditorAssemblies (1ms)
				RefreshPlugins (1ms)
				BeforeProcessingInitializeOnLoad (108ms)
				ProcessInitializeOnLoadAttributes (313ms)
				ProcessInitializeOnLoadMethodAttributes (1102ms)
				AfterProcessingInitializeOnLoad (13ms)
				EditorAssembliesLoaded (0ms)
			ExecutionOrderSort2 (0ms)
			AwakeInstancesAfterBackupRestoration (8ms)
Platform modules already initialized, skipping
========================================================================
Worker process is ready to serve import requests
Launched and connected shader compiler UnityShaderCompiler.exe after 0.28 seconds
Refreshing native plugins compatible for Editor in 0.48 ms, found 2 plugins.
Preloading 0 native plugins for Editor in 0.00 ms.
Unloading 1551 Unused Serialized files (Serialized files now loaded: 0)
System memory in use before: 72.6 MB.
System memory in use after: 72.7 MB.

Unloading 19 unused Assets to reduce memory usage. Loaded Objects now: 1984.
Total: 3.700900 ms (FindLiveObjects: 0.185200 ms CreateObjectMapping: 0.069300 ms MarkObjects: 3.290800 ms  DeleteObjects: 0.136300 ms)

AssetImportParameters requested are different than current active one (requested -> active):
  custom:framework-win-MediaFoundation: 216162199b28c13a410421893ffa2e32 -> 
  custom:video-decoder-ogg-theora: a1e56fd34408186e4bbccfd4996cb3dc -> 
  custom:container-muxer-webm: aa71ff27fc2769a1b78a27578f13a17b -> 
  custom:container-demuxer-webm: 4f35f7cbe854078d1ac9338744f61a02 -> 
  custom:container-demuxer-ogg: 62fdf1f143b41e24485cea50d1cbac27 -> 
  custom:video-encoder-webm-vp8: eb34c28f22e8b96e1ab97ce403110664 -> 
  custom:video-decoder-webm-vp8: 9c59270c3fd7afecdb556c50c9e8de78 -> 
  custom:audio-decoder-ogg-vorbis: bf7c407c2cedff20999df2af8eb42d56 -> 
  custom:audio-encoder-webm-vorbis: bf7c407c2cedff20999df2af8eb42d56 -> 
========================================================================
Received Import Request.
  path: Assets/RacingKit/AssetPacks/SimpleRacer/Models/SR_Bld_Pitstop_Large.fbx
  artifactKey: Guid(80775c22449ff84439c4ba17ff65aa93) Importer(815301076,1909f56bfc062723c751e8b465ee728b)
Start importing Assets/RacingKit/AssetPacks/SimpleRacer/Models/SR_Bld_Pitstop_Large.fbx using Guid(80775c22449ff84439c4ba17ff65aa93) Importer(815301076,1909f56bfc062723c751e8b465ee728b)  -> (artifact id: 'a6f8b46345c9a77665fad62863d172c5') in 0.616555 seconds 
  Import took 0.619911 seconds .

========================================================================
Received Import Request.
  Time since last request: 0.000508 seconds.
  path: Assets/RacingKit/AssetPacks/SimpleRacer/Models/SR_Bld_Tent_Long.fbx
  artifactKey: Guid(7471c37f8cc22eb459ab4d10ea3267e7) Importer(815301076,1909f56bfc062723c751e8b465ee728b)
Start importing Assets/RacingKit/AssetPacks/SimpleRacer/Models/SR_Bld_Tent_Long.fbx using Guid(7471c37f8cc22eb459ab4d10ea3267e7) Importer(815301076,1909f56bfc062723c751e8b465ee728b)  -> (artifact id: '23f1571480fe00be10704a621f1ea116') in 0.140691 seconds 
  Import took 0.145212 seconds .

========================================================================
Received Import Request.
  Time since last request: 0.000249 seconds.
  path: Assets/RacingKit/AssetPacks/SimpleRacer/Models/SimpleCharacter_Vehicle_Animations.fbx
  artifactKey: Guid(2367258d7a7590843aea64da77cbeb1a) Importer(815301076,1909f56bfc062723c751e8b465ee728b)
Start importing Assets/RacingKit/AssetPacks/SimpleRacer/Models/SimpleCharacter_Vehicle_Animations.fbx using Guid(2367258d7a7590843aea64da77cbeb1a) Importer(815301076,1909f56bfc062723c751e8b465ee728b)  -> (artifact id: '0c8e3233d86fb5eb546a9b23b5996910') in 0.131391 seconds 
  Import took 0.146259 seconds .

========================================================================
Received Import Request.
  Time since last request: 0.000218 seconds.
  path: Assets/RacingKit/AssetPacks/SimpleRacer/Models/SR_Bld_Pitstop_Small.fbx
  artifactKey: Guid(69cb6e38b0058d040ad261abc8974e6a) Importer(815301076,1909f56bfc062723c751e8b465ee728b)
Start importing Assets/RacingKit/AssetPacks/SimpleRacer/Models/SR_Bld_Pitstop_Small.fbx using Guid(69cb6e38b0058d040ad261abc8974e6a) Importer(815301076,1909f56bfc062723c751e8b465ee728b)  -> (artifact id: '14f27a8368cc860970593af4997120cb') in 0.045547 seconds 
  Import took 0.049282 seconds .

========================================================================
Received Import Request.
  Time since last request: 0.000383 seconds.
  path: Assets/RacingKit/AssetPacks/SimpleRacer/Models/SR_Bld_Stands.fbx
  artifactKey: Guid(3c797b32801a85e46b9cf1357b15491f) Importer(815301076,1909f56bfc062723c751e8b465ee728b)
Start importing Assets/RacingKit/AssetPacks/SimpleRacer/Models/SR_Bld_Stands.fbx using Guid(3c797b32801a85e46b9cf1357b15491f) Importer(815301076,1909f56bfc062723c751e8b465ee728b)  -> (artifact id: 'd5874e7545c6a6988be4a67ca9f328bc') in 0.080010 seconds 
  Import took 0.084065 seconds .

========================================================================
Received Import Request.
  Time since last request: 0.000177 seconds.
  path: Assets/RacingKit/AssetPacks/SimpleRacer/Models/SR_Bld_Stands_Attach_Yellow.fbx
  artifactKey: Guid(5808f65284775154d902cb238d232fb2) Importer(815301076,1909f56bfc062723c751e8b465ee728b)
Start importing Assets/RacingKit/AssetPacks/SimpleRacer/Models/SR_Bld_Stands_Attach_Yellow.fbx using Guid(5808f65284775154d902cb238d232fb2) Importer(815301076,1909f56bfc062723c751e8b465ee728b)  -> (artifact id: '776758f069381805cefe9d1786427817') in 0.058048 seconds 
  Import took 0.062184 seconds .

========================================================================
Received Import Request.
  Time since last request: 0.000367 seconds.
  path: Assets/RacingKit/AssetPacks/SimpleRacer/Models/SR_Bld_Stands_Attach_Blue.fbx
  artifactKey: Guid(101cade2de704ca4692b812b4b5961d7) Importer(815301076,1909f56bfc062723c751e8b465ee728b)
Start importing Assets/RacingKit/AssetPacks/SimpleRacer/Models/SR_Bld_Stands_Attach_Blue.fbx using Guid(101cade2de704ca4692b812b4b5961d7) Importer(815301076,1909f56bfc062723c751e8b465ee728b)  -> (artifact id: '70794bf14fb9be51f43569f7d3ef33ea') in 0.095787 seconds 
  Import took 0.100804 seconds .

========================================================================
Received Import Request.
  Time since last request: 0.000072 seconds.
  path: Assets/RacingKit/AssetPacks/SimpleRacer/Models/SR_Bld_Stadium_Corner.fbx
  artifactKey: Guid(6a1c0caa31e91f64582538b466d11083) Importer(815301076,1909f56bfc062723c751e8b465ee728b)
Start importing Assets/RacingKit/AssetPacks/SimpleRacer/Models/SR_Bld_Stadium_Corner.fbx using Guid(6a1c0caa31e91f64582538b466d11083) Importer(815301076,1909f56bfc062723c751e8b465ee728b)  -> (artifact id: '1ffc5f7ad8a3060f1880191707c3aebc') in 0.190374 seconds 
  Import took 0.198750 seconds .

========================================================================
Received Import Request.
  Time since last request: 0.000462 seconds.
  path: Assets/RacingKit/AssetPacks/SimpleRacer/Models/SR_Bld_Stands_Attach_Red.fbx
  artifactKey: Guid(b75adda4082b0a84ba291fc5d820db91) Importer(815301076,1909f56bfc062723c751e8b465ee728b)
Start importing Assets/RacingKit/AssetPacks/SimpleRacer/Models/SR_Bld_Stands_Attach_Red.fbx using Guid(b75adda4082b0a84ba291fc5d820db91) Importer(815301076,1909f56bfc062723c751e8b465ee728b)  -> (artifact id: 'b1b8ee752c7c6ba006fe16cb9751786d') in 0.089324 seconds 
  Import took 0.093884 seconds .

========================================================================
Received Import Request.
  Time since last request: 0.000189 seconds.
  path: Assets/RacingKit/AssetPacks/SimpleRacer/Models/SR_Bld_Stands_Attach_Grey.fbx
  artifactKey: Guid(9f57fb0480665c84b984098fbfa23ebf) Importer(815301076,1909f56bfc062723c751e8b465ee728b)
Start importing Assets/RacingKit/AssetPacks/SimpleRacer/Models/SR_Bld_Stands_Attach_Grey.fbx using Guid(9f57fb0480665c84b984098fbfa23ebf) Importer(815301076,1909f56bfc062723c751e8b465ee728b)  -> (artifact id: '8ce0fe9e8509bdbe19ca7cdbf9372477') in 0.094625 seconds 
  Import took 0.097718 seconds .

========================================================================
Received Import Request.
  Time since last request: 0.000272 seconds.
  path: Assets/RacingKit/AssetPacks/SimpleRacer/Models/SR_Bld_Stadium_Straight.fbx
  artifactKey: Guid(dbfa52f41e768404081647b4e6d08ebb) Importer(815301076,1909f56bfc062723c751e8b465ee728b)
Start importing Assets/RacingKit/AssetPacks/SimpleRacer/Models/SR_Bld_Stadium_Straight.fbx using Guid(dbfa52f41e768404081647b4e6d08ebb) Importer(815301076,1909f56bfc062723c751e8b465ee728b)  -> (artifact id: '72a278e16f0079d3e41b0862f9008805') in 0.147118 seconds 
  Import took 0.149992 seconds .

========================================================================
Received Import Request.
  Time since last request: 0.000325 seconds.
  path: Assets/RacingKit/AssetPacks/SimpleRacer/Models/Materials/SimpleRacer.mat
  artifactKey: Guid(cfc2a0c44c3d0af43aa0361d2e5e6aca) Importer(815301076,1909f56bfc062723c751e8b465ee728b)
Start importing Assets/RacingKit/AssetPacks/SimpleRacer/Models/Materials/SimpleRacer.mat using Guid(cfc2a0c44c3d0af43aa0361d2e5e6aca) Importer(815301076,1909f56bfc062723c751e8b465ee728b)  -> (artifact id: 'f1fe6f56005adf0ebd86c295ac855042') in 0.745731 seconds 
  Import took 0.751394 seconds .

========================================================================
Received Import Request.
  Time since last request: 0.000405 seconds.
  path: Assets/RacingKit/AssetPacks/SimpleRacer/Models/SR_Bld_Tent_Center.fbx
  artifactKey: Guid(d5ec2f46cc0f8cd42bb10f67718e1cdf) Importer(815301076,1909f56bfc062723c751e8b465ee728b)
Start importing Assets/RacingKit/AssetPacks/SimpleRacer/Models/SR_Bld_Tent_Center.fbx using Guid(d5ec2f46cc0f8cd42bb10f67718e1cdf) Importer(815301076,1909f56bfc062723c751e8b465ee728b)  -> (artifact id: '000909479f421ea08b493e1c1366533d') in 0.089835 seconds 
  Import took 0.094561 seconds .

========================================================================
Received Prepare
Registering precompiled user dll's ...
Registered in 0.005781 seconds.
Begin MonoManager ReloadAssembly
Native extension for WindowsStandalone target not found
Refreshing native plugins compatible for Editor in 0.84 ms, found 2 plugins.
Preloading 0 native plugins for Editor in 0.00 ms.
Mono: successfully reloaded assembly
- Completed reload, in  1.319 seconds
Domain Reload Profiling:
	ReloadAssembly (1320ms)
		BeginReloadAssembly (183ms)
			ExecutionOrderSort (0ms)
			DisableScriptedObjects (10ms)
			BackupInstance (0ms)
			ReleaseScriptingObjects (0ms)
			CreateAndSetChildDomain (63ms)
		EndReloadAssembly (1045ms)
			LoadAssemblies (141ms)
			RebuildTransferFunctionScriptingTraits (0ms)
			SetupTypeCache (427ms)
			ReleaseScriptCaches (1ms)
			RebuildScriptCaches (40ms)
			SetupLoadedEditorAssemblies (347ms)
				LogAssemblyErrors (0ms)
				InitializePlatformSupportModulesInManaged (5ms)
				SetLoadedEditorAssemblies (1ms)
				RefreshPlugins (1ms)
				BeforeProcessingInitializeOnLoad (90ms)
				ProcessInitializeOnLoadAttributes (229ms)
				ProcessInitializeOnLoadMethodAttributes (12ms)
				AfterProcessingInitializeOnLoad (8ms)
				EditorAssembliesLoaded (0ms)
			ExecutionOrderSort2 (0ms)
			AwakeInstancesAfterBackupRestoration (9ms)
Platform modules already initialized, skipping
Refreshing native plugins compatible for Editor in 0.72 ms, found 2 plugins.
Preloading 0 native plugins for Editor in 0.00 ms.
Unloading 1531 Unused Serialized files (Serialized files now loaded: 0)
System memory in use before: 74.6 MB.
System memory in use after: 74.7 MB.

Unloading 15 unused Assets to reduce memory usage. Loaded Objects now: 2029.
Total: 3.238500 ms (FindLiveObjects: 0.128200 ms CreateObjectMapping: 0.052300 ms MarkObjects: 2.991400 ms  DeleteObjects: 0.065500 ms)

AssetImportParameters requested are different than current active one (requested -> active):
  custom:framework-win-MediaFoundation: 216162199b28c13a410421893ffa2e32 -> 
  custom:video-decoder-ogg-theora: a1e56fd34408186e4bbccfd4996cb3dc -> 
  custom:container-muxer-webm: aa71ff27fc2769a1b78a27578f13a17b -> 
  custom:container-demuxer-webm: 4f35f7cbe854078d1ac9338744f61a02 -> 
  custom:container-demuxer-ogg: 62fdf1f143b41e24485cea50d1cbac27 -> 
  custom:video-encoder-webm-vp8: eb34c28f22e8b96e1ab97ce403110664 -> 
  custom:video-decoder-webm-vp8: 9c59270c3fd7afecdb556c50c9e8de78 -> 
  custom:audio-decoder-ogg-vorbis: bf7c407c2cedff20999df2af8eb42d56 -> 
  custom:audio-encoder-webm-vorbis: bf7c407c2cedff20999df2af8eb42d56 -> 
AssetImportWorkerClient::OnTransportError - code=2 error=End of file
